#
# There is insufficient memory for the Java Runtime Environment to continue.
# Native memory allocation (mmap) failed to map 65536 bytes for Failed to commit metaspace.
# Possible reasons:
#   The system is out of physical RAM or swap space
#   The process is running with CompressedOops enabled, and the Java Heap may be blocking the growth of the native heap
# Possible solutions:
#   Reduce memory load on the system
#   Increase physical memory or swap space
#   Check if swap backing store is full
#   Decrease Java heap size (-Xmx/-Xms)
#   Decrease number of Java threads
#   Decrease Java thread stack sizes (-Xss)
#   Set larger code cache with -XX:ReservedCodeCacheSize=
#   JVM is running with Zero Based Compressed Oops mode in which the Java heap is
#     placed in the first 32GB address space. The Java Heap base address is the
#     maximum limit for the native heap growth. Please use -XX:HeapBaseMinAddress
#     to set the Java Heap base and to place the Java Heap above 32GB virtual address.
# This output file may be truncated or incomplete.
#
#  Out of Memory Error (virtualSpaceNode.cpp:108), pid=32184, tid=20404
#
# JRE version: Java(TM) SE Runtime Environment (16.0+36) (build 16+36-2231)
# Java VM: Java HotSpot(TM) 64-Bit Server VM (16+36-2231, mixed mode, tiered, compressed oops, g1 gc, windows-amd64)
# No core dump will be written. Minidumps are not enabled by default on client versions of Windows
#

---------------  S U M M A R Y ------------

Command Line: -Dclassworlds.conf=C:\Program Files\Maven\apache-maven-3.8.3\bin\m2.conf -Dmaven.home=C:\Program Files\Maven\apache-maven-3.8.3 -Dlibrary.jansi.path=C:\Program Files\Maven\apache-maven-3.8.3\lib\jansi-native -Dmaven.multiModuleProjectDirectory=E:\BDSM\bds-java-fx-project org.codehaus.plexus.classworlds.launcher.Launcher clean install

Host: Intel(R) Core(TM) i7-8550U CPU @ 1.80GHz, 8 cores, 15G,  Windows 10 , 64 bit Build 19041 (10.0.19041.1348)
Time: Fri Dec 31 13:46:58 2021 Stindows 10 , 64 bit Build 19041 (10.0.19041.1348) elapsed time: 0.283325 seconds (0d 0h 0m 0s)

---------------  T H R E A D  ---------------

Current thread (0x00000279a30a2310):  JavaThread "main" [_thread_in_vm, id=20404, stack(0x000000a208c00000,0x000000a208d00000)]

Stack: [0x000000a208c00000,0x000000a208d00000]
Native frames: (J=compiled Java code, j=interpreted, Vv=VM code, C=native code)
V  [jvm.dll+0x6681da]
V  [jvm.dll+0x7c9d99]
V  [jvm.dll+0x7cb4d3]
V  [jvm.dll+0x7cbb33]
V  [jvm.dll+0x242ee5]
V  [jvm.dll+0x7c642b]
V  [jvm.dll+0x60de46]
V  [jvm.dll+0x60deaa]
V  [jvm.dll+0x6104da]
V  [jvm.dll+0x60e741]
V  [jvm.dll+0x24094c]
V  [jvm.dll+0x6bf01d]
V  [jvm.dll+0x6bfa3f]
V  [jvm.dll+0x3670e3]
V  [jvm.dll+0x366312]
V  [jvm.dll+0x3662b8]
V  [jvm.dll+0x37561d]
C  0x00000279aa82c3cd

Java frames: (J=compiled Java code, j=interpreted, Vv=VM code)
j  java.util.Collections$UnmodifiableMap.entrySet()Ljava/util/Set;+8 java.base@16
j  org.apache.maven.properties.internal.EnvironmentUtils.addEnvVars(Ljava/util/Properties;)V+35
j  org.apache.maven.cli.MavenCli.populateProperties(Lorg/apache/commons/cli/CommandLine;Ljava/util/Properties;Ljava/util/Properties;)V+1
j  org.apache.maven.cli.MavenCli.properties(Lorg/apache/maven/cli/CliRequest;)V+12
j  org.apache.maven.cli.MavenCli.doMain(Lorg/apache/maven/cli/CliRequest;)I+14
j  org.apache.maven.cli.MavenCli.main([Ljava/lang/String;Lorg/codehaus/plexus/classworlds/ClassWorld;)I+24
v  ~StubRoutines::call_stub
j  jdk.internal.reflect.NativeMethodAccessorImpl.invoke0(Ljava/lang/reflect/Method;Ljava/lang/Object;[Ljava/lang/Object;)Ljava/lang/Object;+0 java.base@16
j  jdk.internal.reflect.NativeMethodAccessorImpl.invoke(Ljava/lang/Object;[Ljava/lang/Object;)Ljava/lang/Object;+146 java.base@16
j  jdk.internal.reflect.DelegatingMethodAccessorImpl.invoke(Ljava/lang/Object;[Ljava/lang/Object;)Ljava/lang/Object;+6 java.base@16
j  java.lang.reflect.Method.invoke(Ljava/lang/Object;[Ljava/lang/Object;)Ljava/lang/Object;+59 java.base@16
j  org.codehaus.plexus.classworlds.launcher.Launcher.launchEnhanced([Ljava/lang/String;)V+45
j  org.codehaus.plexus.classworlds.launcher.Launcher.launch([Ljava/lang/String;)V+2
j  org.codehaus.plexus.classworlds.launcher.Launcher.mainWithExitCode([Ljava/lang/String;)I+101
j  org.codehaus.plexus.classworlds.launcher.Launcher.main([Ljava/lang/String;)V+1
v  ~StubRoutines::call_stub

---------------  P R O C E S S  ---------------

Threads class SMR info:
_java_thread_list=0x00000279c69c4600, length=12, elements={
0x00000279a30a2310, 0x00000279c5d03340, 0x00000279c683c270, 0x00000279c6827d70,
0x00000279c6828970, 0x00000279c6829470, 0x00000279c6829e70, 0x00000279c68653e0,
0x00000279c6865ed0, 0x00000279c6868920, 0x00000279c69e78f0, 0x00000279c69fe010
}

Java Threads: ( => current thread )
=>0x00000279a30a2310 JavaThread "main" [_thread_in_vm, id=20404, stack(0x000000a208c00000,0x000000a208d00000)]
  0x00000279c5d03340 JavaThread "Reference Handler" daemon [_thread_blocked, id=15060, stack(0x000000a209300000,0x000000a209400000)]
  0x00000279c683c270 JavaThread "Finalizer" daemon [_thread_blocked, id=22896, stack(0x000000a209400000,0x000000a209500000)]
  0x00000279c6827d70 JavaThread "Signal Dispatcher" daemon [_thread_blocked, id=25072, stack(0x000000a209500000,0x000000a209600000)]
  0x00000279c6828970 JavaThread "Attach Listener" daemon [_thread_blocked, id=27824, stack(0x000000a209600000,0x000000a209700000)]
  0x00000279c6829470 JavaThread "Service Thread" daemon [_thread_blocked, id=11512, stack(0x000000a209700000,0x000000a209800000)]
  0x00000279c6829e70 JavaThread "Monitor Deflation Thread" daemon [_thread_blocked, id=33316, stack(0x000000a209800000,0x000000a209900000)]
  0x00000279c68653e0 JavaThread "C2 CompilerThread0" daemon [_thread_blocked, id=32992, stack(0x000000a209900000,0x000000a209a00000)]
  0x00000279c6865ed0 JavaThread "C1 CompilerThread0" daemon [_thread_blocked, id=27188, stack(0x000000a209a00000,0x000000a209b00000)]
  0x00000279c6868920 JavaThread "Sweeper thread" daemon [_thread_blocked, id=13672, stack(0x000000a209b00000,0x000000a209c00000)]
  0x00000279c69e78f0 JavaThread "Notification Thread" daemon [_thread_blocked, id=32656, stack(0x000000a209c00000,0x000000a209d00000)]
  0x00000279c69fe010 JavaThread "Common-Cleaner" daemon [_thread_blocked, id=32100, stack(0x000000a209e00000,0x000000a209f00000)]

Other Threads:
  0x00000279c5d01cc0 VMThread "VM Thread" [stack: 0x000000a209200000,0x000000a209300000] [id=32632]
  0x00000279c69e9e20 WatcherThread [stack: 0x000000a209d00000,0x000000a209e00000] [id=28484]
  0x00000279a30f3340 GCTaskThread "GC Thread#0" [stack: 0x000000a208d00000,0x000000a208e00000] [id=32192]
  0x00000279a31043a0 ConcurrentGCThread "G1 Main Marker" [stack: 0x000000a208e00000,0x000000a208f00000] [id=13308]
  0x00000279a3105630 ConcurrentGCThread "G1 Conc#0" [stack: 0x000000a208f00000,0x000000a209000000] [id=33672]
  0x00000279c5b724c0 ConcurrentGCThread "G1 Refine#0" [stack: 0x000000a209000000,0x000000a209100000] [id=26112]
  0x00000279c5b72fc0 ConcurrentGCThread "G1 Service" [stack: 0x000000a209100000,0x000000a209200000] [id=27760]

Threads with active compile tasks:

VM state: not at safepoint (normal execution)

VM Mutex/Monitor currently owned by a thread:  ([mutex/lock_event])
[0x00000279a309cba0] MetaspaceExpand_lock - owner thread: 0x00000279a30a2310

Heap address: 0x0000000701a00000, size: 4070 MB, Compressed Oops mode: Zero based, Oop shift amount: 3
CDS disabled.
Compressed class space mapped at: 0x0000000800000000-0x0000000840000000, reserved size: 1073741824
Narrow klass base: 0x0000000800000000, Narrow klass shift: 0, Narrow klass range: 0x40000000

GC Precious Log:
 CPUs: 8 total, 8 available
 Memory: 16278M
 Large Page Support: Disabled
 NUMA Support: Disabled
 Compressed Oops: Enabled (Zero based)
 Heap Region Size: 2M
 Heap Min Capacity: 8M
 Heap Initial Capacity: 256M
 Heap Max Capacity: 4070M
 Pre-touch: Disabled
 Parallel Workers: 8
 Concurrent Workers: 2
 Concurrent Refinement Workers: 8
 Periodic GC: Disabled

Heap:
 garbage-first heap   total 262144K, used 4096K [0x0000000701a00000, 0x0000000800000000)
  region size 2048K, 3 young (6144K), 0 survivors (0K)
 Metaspace       used 7126K, committed 7232K, reserved 1056768K
  class space    used 596K, committed 640K, reserved 1048576K

Heap Regions: E=young(eden), S=young(survivor), O=old, HS=humongous(starts), HC=humongous(continues), CS=collection set, F=free, OA=open archive, CA=closed archive, TAMS=top-at-mark-start (previous, next)
|   0|0x0000000701a00000, 0x0000000701a00000, 0x0000000701c00000|  0%| F|  |TAMS 0x0000000701a00000, 0x0000000701a00000| Untracked 
|   1|0x0000000701c00000, 0x0000000701c00000, 0x0000000701e00000|  0%| F|  |TAMS 0x0000000701c00000, 0x0000000701c00000| Untracked 
|   2|0x0000000701e00000, 0x0000000701e00000, 0x0000000702000000|  0%| F|  |TAMS 0x0000000701e00000, 0x0000000701e00000| Untracked 
|   3|0x0000000702000000, 0x0000000702000000, 0x0000000702200000|  0%| F|  |TAMS 0x0000000702000000, 0x0000000702000000| Untracked 
|   4|0x0000000702200000, 0x0000000702200000, 0x0000000702400000|  0%| F|  |TAMS 0x0000000702200000, 0x0000000702200000| Untracked 
|   5|0x0000000702400000, 0x0000000702400000, 0x0000000702600000|  0%| F|  |TAMS 0x0000000702400000, 0x0000000702400000| Untracked 
|   6|0x0000000702600000, 0x0000000702600000, 0x0000000702800000|  0%| F|  |TAMS 0x0000000702600000, 0x0000000702600000| Untracked 
|   7|0x0000000702800000, 0x0000000702800000, 0x0000000702a00000|  0%| F|  |TAMS 0x0000000702800000, 0x0000000702800000| Untracked 
|   8|0x0000000702a00000, 0x0000000702a00000, 0x0000000702c00000|  0%| F|  |TAMS 0x0000000702a00000, 0x0000000702a00000| Untracked 
|   9|0x0000000702c00000, 0x0000000702c00000, 0x0000000702e00000|  0%| F|  |TAMS 0x0000000702c00000, 0x0000000702c00000| Untracked 
|  10|0x0000000702e00000, 0x0000000702e00000, 0x0000000703000000|  0%| F|  |TAMS 0x0000000702e00000, 0x0000000702e00000| Untracked 
|  11|0x0000000703000000, 0x0000000703000000, 0x0000000703200000|  0%| F|  |TAMS 0x0000000703000000, 0x0000000703000000| Untracked 
|  12|0x0000000703200000, 0x0000000703200000, 0x0000000703400000|  0%| F|  |TAMS 0x0000000703200000, 0x0000000703200000| Untracked 
|  13|0x0000000703400000, 0x0000000703400000, 0x0000000703600000|  0%| F|  |TAMS 0x0000000703400000, 0x0000000703400000| Untracked 
|  14|0x0000000703600000, 0x0000000703600000, 0x0000000703800000|  0%| F|  |TAMS 0x0000000703600000, 0x0000000703600000| Untracked 
|  15|0x0000000703800000, 0x0000000703800000, 0x0000000703a00000|  0%| F|  |TAMS 0x0000000703800000, 0x0000000703800000| Untracked 
|  16|0x0000000703a00000, 0x0000000703a00000, 0x0000000703c00000|  0%| F|  |TAMS 0x0000000703a00000, 0x0000000703a00000| Untracked 
|  17|0x0000000703c00000, 0x0000000703c00000, 0x0000000703e00000|  0%| F|  |TAMS 0x0000000703c00000, 0x0000000703c00000| Untracked 
|  18|0x0000000703e00000, 0x0000000703e00000, 0x0000000704000000|  0%| F|  |TAMS 0x0000000703e00000, 0x0000000703e00000| Untracked 
|  19|0x0000000704000000, 0x0000000704000000, 0x0000000704200000|  0%| F|  |TAMS 0x0000000704000000, 0x0000000704000000| Untracked 
|  20|0x0000000704200000, 0x0000000704200000, 0x0000000704400000|  0%| F|  |TAMS 0x0000000704200000, 0x0000000704200000| Untracked 
|  21|0x0000000704400000, 0x0000000704400000, 0x0000000704600000|  0%| F|  |TAMS 0x0000000704400000, 0x0000000704400000| Untracked 
|  22|0x0000000704600000, 0x0000000704600000, 0x0000000704800000|  0%| F|  |TAMS 0x0000000704600000, 0x0000000704600000| Untracked 
|  23|0x0000000704800000, 0x0000000704800000, 0x0000000704a00000|  0%| F|  |TAMS 0x0000000704800000, 0x0000000704800000| Untracked 
|  24|0x0000000704a00000, 0x0000000704a00000, 0x0000000704c00000|  0%| F|  |TAMS 0x0000000704a00000, 0x0000000704a00000| Untracked 
|  25|0x0000000704c00000, 0x0000000704c00000, 0x0000000704e00000|  0%| F|  |TAMS 0x0000000704c00000, 0x0000000704c00000| Untracked 
|  26|0x0000000704e00000, 0x0000000704e00000, 0x0000000705000000|  0%| F|  |TAMS 0x0000000704e00000, 0x0000000704e00000| Untracked 
|  27|0x0000000705000000, 0x0000000705000000, 0x0000000705200000|  0%| F|  |TAMS 0x0000000705000000, 0x0000000705000000| Untracked 
|  28|0x0000000705200000, 0x0000000705200000, 0x0000000705400000|  0%| F|  |TAMS 0x0000000705200000, 0x0000000705200000| Untracked 
|  29|0x0000000705400000, 0x0000000705400000, 0x0000000705600000|  0%| F|  |TAMS 0x0000000705400000, 0x0000000705400000| Untracked 
|  30|0x0000000705600000, 0x0000000705600000, 0x0000000705800000|  0%| F|  |TAMS 0x0000000705600000, 0x0000000705600000| Untracked 
|  31|0x0000000705800000, 0x0000000705800000, 0x0000000705a00000|  0%| F|  |TAMS 0x0000000705800000, 0x0000000705800000| Untracked 
|  32|0x0000000705a00000, 0x0000000705a00000, 0x0000000705c00000|  0%| F|  |TAMS 0x0000000705a00000, 0x0000000705a00000| Untracked 
|  33|0x0000000705c00000, 0x0000000705c00000, 0x0000000705e00000|  0%| F|  |TAMS 0x0000000705c00000, 0x0000000705c00000| Untracked 
|  34|0x0000000705e00000, 0x0000000705e00000, 0x0000000706000000|  0%| F|  |TAMS 0x0000000705e00000, 0x0000000705e00000| Untracked 
|  35|0x0000000706000000, 0x0000000706000000, 0x0000000706200000|  0%| F|  |TAMS 0x0000000706000000, 0x0000000706000000| Untracked 
|  36|0x0000000706200000, 0x0000000706200000, 0x0000000706400000|  0%| F|  |TAMS 0x0000000706200000, 0x0000000706200000| Untracked 
|  37|0x0000000706400000, 0x0000000706400000, 0x0000000706600000|  0%| F|  |TAMS 0x0000000706400000, 0x0000000706400000| Untracked 
|  38|0x0000000706600000, 0x0000000706600000, 0x0000000706800000|  0%| F|  |TAMS 0x0000000706600000, 0x0000000706600000| Untracked 
|  39|0x0000000706800000, 0x0000000706800000, 0x0000000706a00000|  0%| F|  |TAMS 0x0000000706800000, 0x0000000706800000| Untracked 
|  40|0x0000000706a00000, 0x0000000706a00000, 0x0000000706c00000|  0%| F|  |TAMS 0x0000000706a00000, 0x0000000706a00000| Untracked 
|  41|0x0000000706c00000, 0x0000000706c00000, 0x0000000706e00000|  0%| F|  |TAMS 0x0000000706c00000, 0x0000000706c00000| Untracked 
|  42|0x0000000706e00000, 0x0000000706e00000, 0x0000000707000000|  0%| F|  |TAMS 0x0000000706e00000, 0x0000000706e00000| Untracked 
|  43|0x0000000707000000, 0x0000000707000000, 0x0000000707200000|  0%| F|  |TAMS 0x0000000707000000, 0x0000000707000000| Untracked 
|  44|0x0000000707200000, 0x0000000707200000, 0x0000000707400000|  0%| F|  |TAMS 0x0000000707200000, 0x0000000707200000| Untracked 
|  45|0x0000000707400000, 0x0000000707400000, 0x0000000707600000|  0%| F|  |TAMS 0x0000000707400000, 0x0000000707400000| Untracked 
|  46|0x0000000707600000, 0x0000000707600000, 0x0000000707800000|  0%| F|  |TAMS 0x0000000707600000, 0x0000000707600000| Untracked 
|  47|0x0000000707800000, 0x0000000707800000, 0x0000000707a00000|  0%| F|  |TAMS 0x0000000707800000, 0x0000000707800000| Untracked 
|  48|0x0000000707a00000, 0x0000000707a00000, 0x0000000707c00000|  0%| F|  |TAMS 0x0000000707a00000, 0x0000000707a00000| Untracked 
|  49|0x0000000707c00000, 0x0000000707c00000, 0x0000000707e00000|  0%| F|  |TAMS 0x0000000707c00000, 0x0000000707c00000| Untracked 
|  50|0x0000000707e00000, 0x0000000707e00000, 0x0000000708000000|  0%| F|  |TAMS 0x0000000707e00000, 0x0000000707e00000| Untracked 
|  51|0x0000000708000000, 0x0000000708000000, 0x0000000708200000|  0%| F|  |TAMS 0x0000000708000000, 0x0000000708000000| Untracked 
|  52|0x0000000708200000, 0x0000000708200000, 0x0000000708400000|  0%| F|  |TAMS 0x0000000708200000, 0x0000000708200000| Untracked 
|  53|0x0000000708400000, 0x0000000708400000, 0x0000000708600000|  0%| F|  |TAMS 0x0000000708400000, 0x0000000708400000| Untracked 
|  54|0x0000000708600000, 0x0000000708600000, 0x0000000708800000|  0%| F|  |TAMS 0x0000000708600000, 0x0000000708600000| Untracked 
|  55|0x0000000708800000, 0x0000000708800000, 0x0000000708a00000|  0%| F|  |TAMS 0x0000000708800000, 0x0000000708800000| Untracked 
|  56|0x0000000708a00000, 0x0000000708a00000, 0x0000000708c00000|  0%| F|  |TAMS 0x0000000708a00000, 0x0000000708a00000| Untracked 
|  57|0x0000000708c00000, 0x0000000708c00000, 0x0000000708e00000|  0%| F|  |TAMS 0x0000000708c00000, 0x0000000708c00000| Untracked 
|  58|0x0000000708e00000, 0x0000000708e00000, 0x0000000709000000|  0%| F|  |TAMS 0x0000000708e00000, 0x0000000708e00000| Untracked 
|  59|0x0000000709000000, 0x0000000709000000, 0x0000000709200000|  0%| F|  |TAMS 0x0000000709000000, 0x0000000709000000| Untracked 
|  60|0x0000000709200000, 0x0000000709200000, 0x0000000709400000|  0%| F|  |TAMS 0x0000000709200000, 0x0000000709200000| Untracked 
|  61|0x0000000709400000, 0x0000000709400000, 0x0000000709600000|  0%| F|  |TAMS 0x0000000709400000, 0x0000000709400000| Untracked 
|  62|0x0000000709600000, 0x0000000709600000, 0x0000000709800000|  0%| F|  |TAMS 0x0000000709600000, 0x0000000709600000| Untracked 
|  63|0x0000000709800000, 0x0000000709800000, 0x0000000709a00000|  0%| F|  |TAMS 0x0000000709800000, 0x0000000709800000| Untracked 
|  64|0x0000000709a00000, 0x0000000709a00000, 0x0000000709c00000|  0%| F|  |TAMS 0x0000000709a00000, 0x0000000709a00000| Untracked 
|  65|0x0000000709c00000, 0x0000000709c00000, 0x0000000709e00000|  0%| F|  |TAMS 0x0000000709c00000, 0x0000000709c00000| Untracked 
|  66|0x0000000709e00000, 0x0000000709e00000, 0x000000070a000000|  0%| F|  |TAMS 0x0000000709e00000, 0x0000000709e00000| Untracked 
|  67|0x000000070a000000, 0x000000070a000000, 0x000000070a200000|  0%| F|  |TAMS 0x000000070a000000, 0x000000070a000000| Untracked 
|  68|0x000000070a200000, 0x000000070a200000, 0x000000070a400000|  0%| F|  |TAMS 0x000000070a200000, 0x000000070a200000| Untracked 
|  69|0x000000070a400000, 0x000000070a400000, 0x000000070a600000|  0%| F|  |TAMS 0x000000070a400000, 0x000000070a400000| Untracked 
|  70|0x000000070a600000, 0x000000070a600000, 0x000000070a800000|  0%| F|  |TAMS 0x000000070a600000, 0x000000070a600000| Untracked 
|  71|0x000000070a800000, 0x000000070a800000, 0x000000070aa00000|  0%| F|  |TAMS 0x000000070a800000, 0x000000070a800000| Untracked 
|  72|0x000000070aa00000, 0x000000070aa00000, 0x000000070ac00000|  0%| F|  |TAMS 0x000000070aa00000, 0x000000070aa00000| Untracked 
|  73|0x000000070ac00000, 0x000000070ac00000, 0x000000070ae00000|  0%| F|  |TAMS 0x000000070ac00000, 0x000000070ac00000| Untracked 
|  74|0x000000070ae00000, 0x000000070ae00000, 0x000000070b000000|  0%| F|  |TAMS 0x000000070ae00000, 0x000000070ae00000| Untracked 
|  75|0x000000070b000000, 0x000000070b000000, 0x000000070b200000|  0%| F|  |TAMS 0x000000070b000000, 0x000000070b000000| Untracked 
|  76|0x000000070b200000, 0x000000070b200000, 0x000000070b400000|  0%| F|  |TAMS 0x000000070b200000, 0x000000070b200000| Untracked 
|  77|0x000000070b400000, 0x000000070b400000, 0x000000070b600000|  0%| F|  |TAMS 0x000000070b400000, 0x000000070b400000| Untracked 
|  78|0x000000070b600000, 0x000000070b600000, 0x000000070b800000|  0%| F|  |TAMS 0x000000070b600000, 0x000000070b600000| Untracked 
|  79|0x000000070b800000, 0x000000070b800000, 0x000000070ba00000|  0%| F|  |TAMS 0x000000070b800000, 0x000000070b800000| Untracked 
|  80|0x000000070ba00000, 0x000000070ba00000, 0x000000070bc00000|  0%| F|  |TAMS 0x000000070ba00000, 0x000000070ba00000| Untracked 
|  81|0x000000070bc00000, 0x000000070bc00000, 0x000000070be00000|  0%| F|  |TAMS 0x000000070bc00000, 0x000000070bc00000| Untracked 
|  82|0x000000070be00000, 0x000000070be00000, 0x000000070c000000|  0%| F|  |TAMS 0x000000070be00000, 0x000000070be00000| Untracked 
|  83|0x000000070c000000, 0x000000070c000000, 0x000000070c200000|  0%| F|  |TAMS 0x000000070c000000, 0x000000070c000000| Untracked 
|  84|0x000000070c200000, 0x000000070c200000, 0x000000070c400000|  0%| F|  |TAMS 0x000000070c200000, 0x000000070c200000| Untracked 
|  85|0x000000070c400000, 0x000000070c400000, 0x000000070c600000|  0%| F|  |TAMS 0x000000070c400000, 0x000000070c400000| Untracked 
|  86|0x000000070c600000, 0x000000070c600000, 0x000000070c800000|  0%| F|  |TAMS 0x000000070c600000, 0x000000070c600000| Untracked 
|  87|0x000000070c800000, 0x000000070c800000, 0x000000070ca00000|  0%| F|  |TAMS 0x000000070c800000, 0x000000070c800000| Untracked 
|  88|0x000000070ca00000, 0x000000070ca00000, 0x000000070cc00000|  0%| F|  |TAMS 0x000000070ca00000, 0x000000070ca00000| Untracked 
|  89|0x000000070cc00000, 0x000000070cc00000, 0x000000070ce00000|  0%| F|  |TAMS 0x000000070cc00000, 0x000000070cc00000| Untracked 
|  90|0x000000070ce00000, 0x000000070ce00000, 0x000000070d000000|  0%| F|  |TAMS 0x000000070ce00000, 0x000000070ce00000| Untracked 
|  91|0x000000070d000000, 0x000000070d000000, 0x000000070d200000|  0%| F|  |TAMS 0x000000070d000000, 0x000000070d000000| Untracked 
|  92|0x000000070d200000, 0x000000070d200000, 0x000000070d400000|  0%| F|  |TAMS 0x000000070d200000, 0x000000070d200000| Untracked 
|  93|0x000000070d400000, 0x000000070d400000, 0x000000070d600000|  0%| F|  |TAMS 0x000000070d400000, 0x000000070d400000| Untracked 
|  94|0x000000070d600000, 0x000000070d600000, 0x000000070d800000|  0%| F|  |TAMS 0x000000070d600000, 0x000000070d600000| Untracked 
|  95|0x000000070d800000, 0x000000070d800000, 0x000000070da00000|  0%| F|  |TAMS 0x000000070d800000, 0x000000070d800000| Untracked 
|  96|0x000000070da00000, 0x000000070da00000, 0x000000070dc00000|  0%| F|  |TAMS 0x000000070da00000, 0x000000070da00000| Untracked 
|  97|0x000000070dc00000, 0x000000070dc00000, 0x000000070de00000|  0%| F|  |TAMS 0x000000070dc00000, 0x000000070dc00000| Untracked 
|  98|0x000000070de00000, 0x000000070de00000, 0x000000070e000000|  0%| F|  |TAMS 0x000000070de00000, 0x000000070de00000| Untracked 
|  99|0x000000070e000000, 0x000000070e000000, 0x000000070e200000|  0%| F|  |TAMS 0x000000070e000000, 0x000000070e000000| Untracked 
| 100|0x000000070e200000, 0x000000070e200000, 0x000000070e400000|  0%| F|  |TAMS 0x000000070e200000, 0x000000070e200000| Untracked 
| 101|0x000000070e400000, 0x000000070e400000, 0x000000070e600000|  0%| F|  |TAMS 0x000000070e400000, 0x000000070e400000| Untracked 
| 102|0x000000070e600000, 0x000000070e600000, 0x000000070e800000|  0%| F|  |TAMS 0x000000070e600000, 0x000000070e600000| Untracked 
| 103|0x000000070e800000, 0x000000070e800000, 0x000000070ea00000|  0%| F|  |TAMS 0x000000070e800000, 0x000000070e800000| Untracked 
| 104|0x000000070ea00000, 0x000000070ea00000, 0x000000070ec00000|  0%| F|  |TAMS 0x000000070ea00000, 0x000000070ea00000| Untracked 
| 105|0x000000070ec00000, 0x000000070ec00000, 0x000000070ee00000|  0%| F|  |TAMS 0x000000070ec00000, 0x000000070ec00000| Untracked 
| 106|0x000000070ee00000, 0x000000070ee00000, 0x000000070f000000|  0%| F|  |TAMS 0x000000070ee00000, 0x000000070ee00000| Untracked 
| 107|0x000000070f000000, 0x000000070f000000, 0x000000070f200000|  0%| F|  |TAMS 0x000000070f000000, 0x000000070f000000| Untracked 
| 108|0x000000070f200000, 0x000000070f200000, 0x000000070f400000|  0%| F|  |TAMS 0x000000070f200000, 0x000000070f200000| Untracked 
| 109|0x000000070f400000, 0x000000070f400000, 0x000000070f600000|  0%| F|  |TAMS 0x000000070f400000, 0x000000070f400000| Untracked 
| 110|0x000000070f600000, 0x000000070f600000, 0x000000070f800000|  0%| F|  |TAMS 0x000000070f600000, 0x000000070f600000| Untracked 
| 111|0x000000070f800000, 0x000000070f800000, 0x000000070fa00000|  0%| F|  |TAMS 0x000000070f800000, 0x000000070f800000| Untracked 
| 112|0x000000070fa00000, 0x000000070fa00000, 0x000000070fc00000|  0%| F|  |TAMS 0x000000070fa00000, 0x000000070fa00000| Untracked 
| 113|0x000000070fc00000, 0x000000070fc00000, 0x000000070fe00000|  0%| F|  |TAMS 0x000000070fc00000, 0x000000070fc00000| Untracked 
| 114|0x000000070fe00000, 0x000000070fe00000, 0x0000000710000000|  0%| F|  |TAMS 0x000000070fe00000, 0x000000070fe00000| Untracked 
| 115|0x0000000710000000, 0x0000000710000000, 0x0000000710200000|  0%| F|  |TAMS 0x0000000710000000, 0x0000000710000000| Untracked 
| 116|0x0000000710200000, 0x0000000710200000, 0x0000000710400000|  0%| F|  |TAMS 0x0000000710200000, 0x0000000710200000| Untracked 
| 117|0x0000000710400000, 0x0000000710400000, 0x0000000710600000|  0%| F|  |TAMS 0x0000000710400000, 0x0000000710400000| Untracked 
| 118|0x0000000710600000, 0x0000000710600000, 0x0000000710800000|  0%| F|  |TAMS 0x0000000710600000, 0x0000000710600000| Untracked 
| 119|0x0000000710800000, 0x0000000710800000, 0x0000000710a00000|  0%| F|  |TAMS 0x0000000710800000, 0x0000000710800000| Untracked 
| 120|0x0000000710a00000, 0x0000000710a00000, 0x0000000710c00000|  0%| F|  |TAMS 0x0000000710a00000, 0x0000000710a00000| Untracked 
| 121|0x0000000710c00000, 0x0000000710c00000, 0x0000000710e00000|  0%| F|  |TAMS 0x0000000710c00000, 0x0000000710c00000| Untracked 
| 122|0x0000000710e00000, 0x0000000710e00000, 0x0000000711000000|  0%| F|  |TAMS 0x0000000710e00000, 0x0000000710e00000| Untracked 
| 123|0x0000000711000000, 0x0000000711000000, 0x0000000711200000|  0%| F|  |TAMS 0x0000000711000000, 0x0000000711000000| Untracked 
| 124|0x0000000711200000, 0x0000000711200000, 0x0000000711400000|  0%| F|  |TAMS 0x0000000711200000, 0x0000000711200000| Untracked 
| 125|0x0000000711400000, 0x00000007115556d0, 0x0000000711600000| 66%| E|  |TAMS 0x0000000711400000, 0x0000000711400000| Complete 
| 126|0x0000000711600000, 0x0000000711800000, 0x0000000711800000|100%| E|CS|TAMS 0x0000000711600000, 0x0000000711600000| Complete 
| 127|0x0000000711800000, 0x0000000711a00000, 0x0000000711a00000|100%| E|CS|TAMS 0x0000000711800000, 0x0000000711800000| Complete 

Card table byte_map: [0x00000279ba350000,0x00000279bab50000] _byte_map_base: 0x00000279b6b43000

Marking Bits (Prev, Next): (CMBitMap*) 0x00000279a30f3a30, (CMBitMap*) 0x00000279a30f3a70
 Prev Bits: [0x00000279bb350000, 0x00000279bf2e8000)
 Next Bits: [0x00000279bf2f0000, 0x00000279c3288000)

Polling page: 0x00000279a1010000

Metaspace:

Usage:
  Non-class:      6.38 MB used.
      Class:    596.62 KB used.
       Both:      6.96 MB used.

Virtual space:
  Non-class space:        8.00 MB reserved,       6.44 MB ( 80%) committed,  1 nodes.
      Class space:        1.00 GB reserved,     640.00 KB ( <1%) committed,  1 nodes.
              Both:        1.01 GB reserved,       7.06 MB ( <1%) committed. 

Chunk freelists:
   Non-Class:  816.00 KB
       Class:  3.22 MB
        Both:  4.02 MB

MaxMetaspaceSize: 17179869184.00 GB
CompressedClassSpaceSize: 1.00 GB
 - commit_granule_bytes: 65536.
 - commit_granule_words: 8192.
 - virtual_space_node_default_size: 1048576.
 - enlarge_chunks_in_place: 1.
 - new_chunks_are_fully_committed: 0.
 - uncommit_free_chunks: 1.
 - use_allocation_guard: 0.
 - handle_deallocations: 1.


Internal statistics:

num_allocs_failed_limit: 0.
num_arena_births: 8.
num_arena_deaths: 0.
num_vsnodes_births: 2.
num_vsnodes_deaths: 0.
num_space_committed: 113.
num_space_uncommitted: 0.
num_chunks_returned_to_freelist: 0.
num_chunks_taken_from_freelist: 48.
num_chunk_merges: 0.
num_chunk_splits: 25.
num_chunks_enlarged: 19.
num_purges: 0.

CodeHeap 'non-profiled nmethods': size=120000Kb used=97Kb max_used=97Kb free=119902Kb
 bounds [0x00000279b22e0000, 0x00000279b2550000, 0x00000279b9810000]
CodeHeap 'profiled nmethods': size=120000Kb used=457Kb max_used=457Kb free=119542Kb
 bounds [0x00000279aadb0000, 0x00000279ab020000, 0x00000279b22e0000]
CodeHeap 'non-nmethods': size=5760Kb used=1103Kb max_used=1118Kb free=4656Kb
 bounds [0x00000279aa810000, 0x00000279aaa80000, 0x00000279aadb0000]
 total_blobs=706 nmethods=334 adapters=285
 compilation: enabled
              stopped_count=0, restarted_count=0
 full_count=0

Compilation events (20 events):
Event: 0.276 Thread 0x00000279c6865ed0  323       3       java.util.jar.Attributes::getValue (9 bytes)
Event: 0.276 Thread 0x00000279c6865ed0 nmethod 323 0x00000279aae1e810 code [0x00000279aae1e9c0, 0x00000279aae1ece8]
Event: 0.276 Thread 0x00000279c6865ed0  324       3       java.util.WeakHashMap::getTable (9 bytes)
Event: 0.276 Thread 0x00000279c6865ed0 nmethod 324 0x00000279aae1ee10 code [0x00000279aae1efc0, 0x00000279aae1f108]
Event: 0.276 Thread 0x00000279c6865ed0  325   !   3       java.util.WeakHashMap::expungeStaleEntries (139 bytes)
Event: 0.277 Thread 0x00000279c6865ed0 nmethod 325 0x00000279aae1f190 code [0x00000279aae1f3a0, 0x00000279aae1fde8]
Event: 0.277 Thread 0x00000279c6865ed0  326       3       java.util.WeakHashMap::indexFor (6 bytes)
Event: 0.277 Thread 0x00000279c6865ed0 nmethod 326 0x00000279aae20290 code [0x00000279aae20420, 0x00000279aae20518]
Event: 0.278 Thread 0x00000279c6865ed0  328       3       java.io.InputStream::<init> (5 bytes)
Event: 0.278 Thread 0x00000279c6865ed0 nmethod 328 0x00000279aae20590 code [0x00000279aae20740, 0x00000279aae20898]
Event: 0.279 Thread 0x00000279c6865ed0  329       3       java.util.zip.Inflater::ensureOpen (47 bytes)
Event: 0.279 Thread 0x00000279c6865ed0 nmethod 329 0x00000279aae20990 code [0x00000279aae20b40, 0x00000279aae20da8]
Event: 0.280 Thread 0x00000279c6865ed0  331       3       java.lang.ThreadLocal::get (38 bytes)
Event: 0.280 Thread 0x00000279c6865ed0 nmethod 331 0x00000279aae20e90 code [0x00000279aae21060, 0x00000279aae21368]
Event: 0.280 Thread 0x00000279c6865ed0  333       3       java.nio.Buffer::checkIndex (22 bytes)
Event: 0.280 Thread 0x00000279c6865ed0 nmethod 333 0x00000279aae21490 code [0x00000279aae21640, 0x00000279aae21848]
Event: 0.280 Thread 0x00000279c6865ed0  334       3       sun.nio.fs.WindowsPathParser::nextNonSlash (24 bytes)
Event: 0.280 Thread 0x00000279c6865ed0 nmethod 334 0x00000279aae21910 code [0x00000279aae21b20, 0x00000279aae22298]
Event: 0.280 Thread 0x00000279c6865ed0  332       1       java.nio.HeapByteBuffer::isDirect (2 bytes)
Event: 0.280 Thread 0x00000279c6865ed0 nmethod 332 0x00000279b22f8190 code [0x00000279b22f8320, 0x00000279b22f83f8]

GC Heap History (0 events):
No events

Deoptimization events (16 events):
Event: 0.199 Thread 0x00000279a30a2310 Uncommon trap: trap_request=0xffffff45 fr.pc=0x00000279b22e4b28 relative=0x0000000000000088
Event: 0.200 Thread 0x00000279a30a2310 Uncommon trap: reason=unstable_if action=reinterpret pc=0x00000279b22e4b28 method=java.lang.String.charAt(I)C @ 4 c2
Event: 0.200 Thread 0x00000279a30a2310 DEOPT PACKING pc=0x00000279b22e4b28 sp=0x000000a208cfe130
Event: 0.200 Thread 0x00000279a30a2310 DEOPT UNPACKING pc=0x00000279aa85d72e sp=0x000000a208cfe0d0 mode 2
Event: 0.200 Thread 0x00000279a30a2310 Uncommon trap: trap_request=0xffffff45 fr.pc=0x00000279b22ed104 relative=0x0000000000000064
Event: 0.200 Thread 0x00000279a30a2310 Uncommon trap: reason=unstable_if action=reinterpret pc=0x00000279b22ed104 method=java.io.WinNTFileSystem.isSlash(C)Z @ 9 c2
Event: 0.200 Thread 0x00000279a30a2310 DEOPT PACKING pc=0x00000279b22ed104 sp=0x000000a208cfe0a0
Event: 0.200 Thread 0x00000279a30a2310 DEOPT UNPACKING pc=0x00000279aa85d72e sp=0x000000a208cfe028 mode 2
Event: 0.236 Thread 0x00000279a30a2310 Uncommon trap: trap_request=0xffffff45 fr.pc=0x00000279b22f3c40 relative=0x00000000000001a0
Event: 0.236 Thread 0x00000279a30a2310 Uncommon trap: reason=unstable_if action=reinterpret pc=0x00000279b22f3c40 method=java.lang.String.indexOf(II)I @ 4 c2
Event: 0.236 Thread 0x00000279a30a2310 DEOPT PACKING pc=0x00000279b22f3c40 sp=0x000000a208cfcd00
Event: 0.236 Thread 0x00000279a30a2310 DEOPT UNPACKING pc=0x00000279aa85d72e sp=0x000000a208cfcca0 mode 2
Event: 0.236 Thread 0x00000279a30a2310 Uncommon trap: trap_request=0xffffff45 fr.pc=0x00000279b22eca78 relative=0x0000000000000158
Event: 0.236 Thread 0x00000279a30a2310 Uncommon trap: reason=unstable_if action=reinterpret pc=0x00000279b22eca78 method=java.lang.String.indexOf(II)I @ 4 c2
Event: 0.236 Thread 0x00000279a30a2310 DEOPT PACKING pc=0x00000279b22eca78 sp=0x000000a208cfcc20
Event: 0.236 Thread 0x00000279a30a2310 DEOPT UNPACKING pc=0x00000279aa85d72e sp=0x000000a208cfcb50 mode 2

Classes unloaded (0 events):
No events

Classes redefined (0 events):
No events

Internal exceptions (9 events):
Event: 0.238 Thread 0x00000279a30a2310 Exception <a 'java/lang/NullPointerException'{0x000000071144b5f8}> (0x000000071144b5f8) 
thrown [t:\workspace\open\src\hotspot\share\interpreter\linkResolver.cpp, line 1385]
Event: 0.253 Thread 0x00000279a30a2310 Exception <a 'java/lang/NullPointerException'{0x00000007114851f0}> (0x00000007114851f0) 
thrown [t:\workspace\open\src\hotspot\share\interpreter\linkResolver.cpp, line 1385]
Event: 0.253 Thread 0x00000279a30a2310 Exception <a 'java/lang/NullPointerException'{0x00000007114854c8}> (0x00000007114854c8) 
thrown [t:\workspace\open\src\hotspot\share\interpreter\linkResolver.cpp, line 1385]
Event: 0.253 Thread 0x00000279a30a2310 Exception <a 'java/lang/NullPointerException'{0x00000007114857a0}> (0x00000007114857a0) 
thrown [t:\workspace\open\src\hotspot\share\interpreter\linkResolver.cpp, line 1385]
Event: 0.253 Thread 0x00000279a30a2310 Exception <a 'java/lang/NullPointerException'{0x000000071148b4c0}> (0x000000071148b4c0) 
thrown [t:\workspace\open\src\hotspot\share\interpreter\linkResolver.cpp, line 1385]
Event: 0.258 Thread 0x00000279a30a2310 Exception <a 'java/lang/NullPointerException'{0x00000007114a0ca8}> (0x00000007114a0ca8) 
thrown [t:\workspace\open\src\hotspot\share\interpreter\linkResolver.cpp, line 1385]
Event: 0.258 Thread 0x00000279a30a2310 Exception <a 'java/lang/NullPointerException'{0x00000007114a0f80}> (0x00000007114a0f80) 
thrown [t:\workspace\open\src\hotspot\share\interpreter\linkResolver.cpp, line 1385]
Event: 0.258 Thread 0x00000279a30a2310 Exception <a 'java/lang/NullPointerException'{0x00000007114a1258}> (0x00000007114a1258) 
thrown [t:\workspace\open\src\hotspot\share\interpreter\linkResolver.cpp, line 1385]
Event: 0.258 Thread 0x00000279a30a2310 Exception <a 'java/lang/NullPointerException'{0x00000007114a1530}> (0x00000007114a1530) 
thrown [t:\workspace\open\src\hotspot\share\interpreter\linkResolver.cpp, line 1385]

Events (20 events):
Event: 0.271 loading class java/lang/CloneNotSupportedException
Event: 0.271 loading class java/lang/CloneNotSupportedException done
Event: 0.277 loading class java/util/LinkedHashMap$LinkedValues
Event: 0.277 loading class java/util/LinkedHashMap$LinkedValues done
Event: 0.277 loading class java/util/LinkedHashMap$LinkedValueIterator
Event: 0.277 loading class java/util/LinkedHashMap$LinkedHashIterator
Event: 0.277 loading class java/util/LinkedHashMap$LinkedHashIterator done
Event: 0.277 loading class java/util/LinkedHashMap$LinkedValueIterator done
Event: 0.277 loading class java/util/Collections$UnmodifiableRandomAccessList
Event: 0.278 loading class java/util/Collections$UnmodifiableList
Event: 0.278 loading class java/util/Collections$UnmodifiableList done
Event: 0.278 loading class java/util/Collections$UnmodifiableRandomAccessList done
Event: 0.279 loading class java/util/AbstractList$ListItr
Event: 0.279 loading class java/util/AbstractList$Itr
Event: 0.279 loading class java/util/AbstractList$Itr done
Event: 0.279 loading class java/util/AbstractList$ListItr done
Event: 0.279 loading class java/util/LinkedList$Node
Event: 0.279 loading class java/util/LinkedList$Node done
Event: 0.280 loading class java/util/Collections$UnmodifiableMap$UnmodifiableEntrySet
Event: 0.280 loading class java/util/Collections$UnmodifiableMap$UnmodifiableEntrySet done


Dynamic libraries:
0x00007ff7ebf70000 - 0x00007ff7ebf80000 	C:\Program Files\Java\jdk-16\bin\java.exe
0x00007ff9940f0000 - 0x00007ff9942e5000 	C:\WINDOWS\SYSTEM32\ntdll.dll
0x00007ff98bbe0000 - 0x00007ff98bbf6000 	C:\Program Files\AVAST Software\Avast\aswhook.dll
0x00007ff993090000 - 0x00007ff99314e000 	C:\WINDOWS\System32\KERNEL32.DLL
0x00007ff991800000 - 0x00007ff991ac8000 	C:\WINDOWS\System32\KERNELBASE.dll
0x00007ff991b90000 - 0x00007ff991c90000 	C:\WINDOWS\System32\ucrtbase.dll
0x00007ff965fe0000 - 0x00007ff965ff9000 	C:\Program Files\Java\jdk-16\bin\VCRUNTIME140.dll
0x00007ff967040000 - 0x00007ff967058000 	C:\Program Files\Java\jdk-16\bin\jli.dll
0x00007ff993dc0000 - 0x00007ff993e6c000 	C:\WINDOWS\System32\ADVAPI32.dll
0x00007ff992d10000 - 0x00007ff992dae000 	C:\WINDOWS\System32\msvcrt.dll
0x00007ff993ab0000 - 0x00007ff993b4b000 	C:\WINDOWS\System32\sechost.dll
0x00007ff993b50000 - 0x00007ff993c7a000 	C:\WINDOWS\System32\RPCRT4.dll
0x00007ff993e70000 - 0x00007ff994011000 	C:\WINDOWS\System32\USER32.dll
0x00007ff991ad0000 - 0x00007ff991af2000 	C:\WINDOWS\System32\win32u.dll
0x00007ff993d90000 - 0x00007ff993dbb000 	C:\WINDOWS\System32\GDI32.dll
0x00007ff981790000 - 0x00007ff981a2a000 	C:\WINDOWS\WinSxS\amd64_microsoft.windows.common-controls_6595b64144ccf1df_6.0.19041.1110_none_60b5254171f9507e\COMCTL32.dll
0x00007ff992020000 - 0x00007ff99212d000 	C:\WINDOWS\System32\gdi32full.dll
0x00007ff991cc0000 - 0x00007ff991d5d000 	C:\WINDOWS\System32\msvcp_win.dll
0x00007ff9905f0000 - 0x00007ff9905fa000 	C:\WINDOWS\SYSTEM32\VERSION.dll
0x00007ff994020000 - 0x00007ff994050000 	C:\WINDOWS\System32\IMM32.DLL
0x00007ff9823a0000 - 0x00007ff9823ac000 	C:\Program Files\Java\jdk-16\bin\vcruntime140_1.dll
0x00007ff937760000 - 0x00007ff9377f1000 	C:\Program Files\Java\jdk-16\bin\msvcp140.dll
0x00007ff8f4db0000 - 0x00007ff8f595b000 	C:\Program Files\Java\jdk-16\bin\server\jvm.dll
0x00007ff993880000 - 0x00007ff993888000 	C:\WINDOWS\System32\PSAPI.DLL
0x00007ff980000000 - 0x00007ff980009000 	C:\WINDOWS\SYSTEM32\WSOCK32.dll
0x00007ff97e650000 - 0x00007ff97e677000 	C:\WINDOWS\SYSTEM32\WINMM.dll
0x00007ff993300000 - 0x00007ff99336b000 	C:\WINDOWS\System32\WS2_32.dll
0x00007ff98f6f0000 - 0x00007ff98f702000 	C:\WINDOWS\SYSTEM32\kernel.appcore.dll
0x00007ff973a70000 - 0x00007ff973a7a000 	C:\Program Files\Java\jdk-16\bin\jimage.dll
0x00007ff98cc50000 - 0x00007ff98ce34000 	C:\WINDOWS\SYSTEM32\DBGHELP.DLL
0x00007ff985900000 - 0x00007ff98592c000 	C:\WINDOWS\SYSTEM32\dbgcore.DLL
0x00007ff991b00000 - 0x00007ff991b82000 	C:\WINDOWS\System32\bcryptPrimitives.dll
0x00007ff9554c0000 - 0x00007ff9554e5000 	C:\Program Files\Java\jdk-16\bin\java.dll
0x00007ff9925c0000 - 0x00007ff992d04000 	C:\WINDOWS\System32\SHELL32.dll
0x00007ff98fd60000 - 0x00007ff9904f4000 	C:\WINDOWS\SYSTEM32\windows.storage.dll
0x00007ff992260000 - 0x00007ff9925b5000 	C:\WINDOWS\System32\combase.dll
0x00007ff991230000 - 0x00007ff99125e000 	C:\WINDOWS\SYSTEM32\Wldp.dll
0x00007ff992f30000 - 0x00007ff992fdd000 	C:\WINDOWS\System32\SHCORE.dll
0x00007ff993d30000 - 0x00007ff993d85000 	C:\WINDOWS\System32\shlwapi.dll
0x00007ff991740000 - 0x00007ff99175f000 	C:\WINDOWS\SYSTEM32\profapi.dll
0x00007ff965f90000 - 0x00007ff965fa9000 	C:\Program Files\Java\jdk-16\bin\net.dll
0x00007ff984b30000 - 0x00007ff984c3c000 	C:\WINDOWS\SYSTEM32\WINHTTP.dll
0x00007ff990f50000 - 0x00007ff990fba000 	C:\WINDOWS\system32\mswsock.dll
0x00007ff9576d0000 - 0x00007ff9576e3000 	C:\Program Files\Java\jdk-16\bin\nio.dll
0x00007ff957640000 - 0x00007ff957658000 	C:\Program Files\Java\jdk-16\bin\zip.dll
0x0000000069ac0000 - 0x0000000069ae4000 	C:\Program Files\Maven\apache-maven-3.8.3\lib\jansi-native\Windows\x86_64\jansi.dll
0x00007ff970d50000 - 0x00007ff970d60000 	C:\Program Files\Java\jdk-16\bin\verify.dll

dbghelp: loaded successfully - version: 4.0.5 - missing functions: none
symbol engine: initialized successfully - sym options: 0x614 - pdb path: .;C:\Program Files\Java\jdk-16\bin;C:\WINDOWS\SYSTEM32;C:\Program Files\AVAST Software\Avast;C:\WINDOWS\WinSxS\amd64_microsoft.windows.common-controls_6595b64144ccf1df_6.0.19041.1110_none_60b5254171f9507e;C:\Program Files\Java\jdk-16\bin\server;C:\Program Files\Maven\apache-maven-3.8.3\lib\jansi-native\Windows\x86_64

VM Arguments:
jvm_args: -Dclassworlds.conf=C:\Program Files\Maven\apache-maven-3.8.3\bin\m2.conf -Dmaven.home=C:\Program Files\Maven\apache-maven-3.8.3 -Dlibrary.jansi.path=C:\Program Files\Maven\apache-maven-3.8.3\lib\jansi-native -Dmaven.multiModuleProjectDirectory=E:\BDSM\bds-java-fx-project 
java_command: org.codehaus.plexus.classworlds.launcher.Launcher clean install
java_class_path (initial): C:\Program Files\Maven\apache-maven-3.8.3\boot\plexus-classworlds-2.6.0.jar
Launcher Type: SUN_STANDARD

[Global flags]
     intx CICompilerCount                          = 4                                         {product} {ergonomic}
     uint ConcGCThreads                            = 2                                         {product} {ergonomic}
     uint G1ConcRefinementThreads                  = 8                                         {product} {ergonomic}
   size_t G1HeapRegionSize                         = 2097152                                   {product} {ergonomic}
    uintx GCDrainStackTargetSize                   = 64                                        {product} {ergonomic}
   size_t InitialHeapSize                          = 268435456                                 {product} {ergonomic}
   size_t MarkStackSize                            = 4194304                                   {product} {ergonomic}
   size_t MaxHeapSize                              = 4267704320                                {product} {ergonomic}
   size_t MaxNewSize                               = 2560622592                                {product} {ergonomic}
   size_t MinHeapDeltaBytes                        = 2097152                                   {product} {ergonomic}
   size_t MinHeapSize                              = 8388608                                   {product} {ergonomic}
    uintx NonNMethodCodeHeapSize                   = 5839372                                {pd product} {ergonomic}
    uintx NonProfiledCodeHeapSize                  = 122909434                              {pd product} {ergonomic}
    uintx ProfiledCodeHeapSize                     = 122909434                              {pd product} {ergonomic}
    uintx ReservedCodeCacheSize                    = 251658240                              {pd product} {ergonomic}
     bool SegmentedCodeCache                       = true                                      {product} {ergonomic}
   size_t SoftMaxHeapSize                          = 4267704320                             {manageable} {ergonomic}
     bool UseCompressedClassPointers               = true                           {product lp64_product} {ergonomic}
     bool UseCompressedOops                        = true                           {product lp64_product} {ergonomic}
     bool UseG1GC                                  = true                                      {product} {ergonomic}
     bool UseLargePagesIndividualAllocation        = false                                  {pd product} {ergonomic}

Logging:
Log output configuration:
 #0: stdout all=warning uptime,level,tags
 #1: stderr all=off uptime,level,tags

Environment Variables:
PATH=C:\Program Files\Common Files\Oracle\Java\javapath;C:\Program Files (x86)\VMware\VMware Player\bin\;C:\Program Files (x86)\Common Files\Oracle\Java\javapath;C:\Program Files (x86)\Python37-32\Scripts\;C:\Program Files (x86)\Python37-32\;C:\Program Files (x86)\Intel\iCLS Client\;C:\Program Files\Intel\iCLS Client\;C:\windows\system32;C:\windows;C:\windows\System32\Wbem;C:\windows\System32\WindowsPowerShell\v1.0\;C:\Program Files (x86)\NVIDIA Corporation\PhysX\Common;C:\Program Files\Intel\WiFi\bin\;C:\Program Files\Common Files\Intel\WirelessCommon\;C:\Program Files (x86)\Intel\Intel(R) Management Engine Components\DAL;C:\Program Files\Intel\Intel(R) Management Engine Components\DAL;C:\Program Files (x86)\Intel\Intel(R) Management Engine Components\IPT;C:\Program Files\Intel\Intel(R) Management Engine Components\IPT;C:\Program Files\PuTTY\;C:\WINDOWS\system32;C:\WINDOWS;C:\WINDOWS\System32\Wbem;C:\WINDOWS\System32\WindowsPowerShell\v1.0\;C:\WINDOWS\System32\OpenSSH\;C:\Program Files\dotnet\;C:\Program Files\Maven\apache-maven-3.8.3\bin;C:\Program Files\Git\cmd;D:\FI MUNI\IB015\bin;C:\Users\Vladimír Peòáz\AppData\Roaming\local\bin;C:\Users\Vladimír Peòáz\AppData\Local\Microsoft\WindowsApps;C:\Users\Vladimír Peòáz\.dotnet\tools;C:\Users\Vladimír Peòáz\AppData\Local\GitHubDesktop\bin
USERNAME=Vladimír Peòáz
OS=Windows_NT
PROCESSOR_IDENTIFIER=Intel64 Family 6 Model 142 Stepping 10, GenuineIntel



---------------  S Y S T E M  ---------------

OS:
 Windows 10 , 64 bit Build 19041 (10.0.19041.1348)
OS uptime: 14 days 19:18 hours
Hyper-V role detected

CPU: total 8 (initial active 8) (4 cores per cpu, 2 threads per core) family 6 model 142 stepping 10 microcode 0xb4, cx8, cmov, fxsr, ht, mmx, 3dnowpref, sse, sse2, sse3, ssse3, sse4.1, sse4.2, popcnt, lzcnt, tsc, tscinvbit, avx, avx2, aes, erms, clmul, bmi1, bmi2, adx, fma, vzeroupper, clflush, clflushopt, hv

Memory: 4k page, system-wide physical 16278M (3735M free)
TotalPageFile size 31265M (AvailPageFile size 1M)
current process WorkingSet (physical memory assigned to process): 37M, peak: 37M
current process commit charge ("private bytes"): 341M, peak: 341M

vm_info: Java HotSpot(TM) 64-Bit Server VM (16+36-2231) for windows-amd64 JRE (16+36-2231), built on Feb  8 2021 11:43:10 by "mach5one" with MS VC++ 16.7 (VS2019)

END.
